[debug] [2020-06-08T06:34:04.792Z] ----------------------------------------------------------------------
[debug] [2020-06-08T06:34:04.794Z] Command:       /usr/local/Cellar/node/13.5.0/bin/node /usr/local/bin/firebase deploy
[debug] [2020-06-08T06:34:04.794Z] CLI Version:   7.12.1
[debug] [2020-06-08T06:34:04.794Z] Platform:      darwin
[debug] [2020-06-08T06:34:04.794Z] Node Version:  v13.5.0
[debug] [2020-06-08T06:34:04.795Z] Time:          Sun Jun 07 2020 23:34:04 GMT-0700 (Pacific Daylight Time)
[debug] [2020-06-08T06:34:04.795Z] ----------------------------------------------------------------------
[debug] [2020-06-08T06:34:04.795Z] 
[debug] [2020-06-08T06:34:04.801Z] > command requires scopes: ["email","openid","https://www.googleapis.com/auth/cloudplatformprojects.readonly","https://www.googleapis.com/auth/firebase","https://www.googleapis.com/auth/cloud-platform"]
[debug] [2020-06-08T06:34:04.801Z] > authorizing via signed-in user
[debug] [2020-06-08T06:34:04.802Z] [iam] checking project dianelabenz-com-ed031 for permissions ["firebase.projects.get","firebasehosting.sites.update"]
[debug] [2020-06-08T06:34:04.803Z] >>> HTTP REQUEST POST https://cloudresourcemanager.googleapis.com/v1/projects/dianelabenz-com-ed031:testIamPermissions  

[debug] [2020-06-08T06:34:04.954Z] <<< HTTP RESPONSE 200
[debug] [2020-06-08T06:34:04.955Z] >>> HTTP REQUEST GET https://firebase.googleapis.com/v1beta1/projects/dianelabenz-com-ed031  
 
[debug] [2020-06-08T06:34:05.139Z] <<< HTTP RESPONSE 200
[info] 
[info] === Deploying to 'dianelabenz-com-ed031'...
[info] 
[info] i  deploying hosting
[debug] [2020-06-08T06:34:05.142Z] >>> HTTP REQUEST POST https://firebasehosting.googleapis.com/v1beta1/sites/dianelabenz-com-ed031/versions  

[debug] [2020-06-08T06:34:05.901Z] <<< HTTP RESPONSE 200
[info] i  hosting[dianelabenz-com-ed031]: beginning deploy...
[info] i  hosting[dianelabenz-com-ed031]: found 235 files in _site
[debug] [2020-06-08T06:34:05.969Z] [hosting] hash cache [X3NpdGU] stored for 235 files
[debug] [2020-06-08T06:34:05.969Z] [hosting][hash queue][FINAL]
[debug] [2020-06-08T06:34:05.969Z] >>> HTTP REQUEST POST https://firebasehosting.googleapis.com/v1beta1/sites/dianelabenz-com-ed031/versions/3e5aa0fed84123ff:populateFiles  
 <request body omitted>
[debug] [2020-06-08T06:34:06.754Z] <<< HTTP RESPONSE 200
[debug] [2020-06-08T06:34:06.755Z] [hosting][populate queue][FINAL]
[debug] [2020-06-08T06:34:06.756Z] [hosting] uploads queued: 1
[debug] [2020-06-08T06:34:07.650Z] [hosting][upload] feed.xml (e5f3e9815724bbdd9e03c934790241d37f58d5606424a20b641f04a61c6c8df2) HTTP ERROR 400 : {
  'x-guploader-uploadid': 'AAANsUkpPk_QA-oLAybhj4LIPaOBqY7Rxsyu-XuL7Ck5yzpaXJHBxZLLHiNApOJVeunJn_NnWxfniyC_DPlvzMFIAVM',
  'content-length': '37',
  date: 'Mon, 08 Jun 2020 06:34:07 GMT',
  server: 'UploadServer',
  'content-type': 'text/html; charset=UTF-8',
  'alt-svc': 'h3-27=":443"; ma=2592000,h3-25=":443"; ma=2592000,h3-T050=":443"; ma=2592000,h3-Q050=":443"; ma=2592000,h3-Q049=":443"; ma=2592000,h3-Q048=":443"; ma=2592000,h3-Q046=":443"; ma=2592000,h3-Q043=":443"; ma=2592000,quic=":443"; ma=2592000; v="46,43"',
  connection: 'close'
} Couldn't process request (status=400)
[debug] [2020-06-08T06:34:08.055Z] [uploadQueue] Retrying task e5f3e9815724bbdd9e03c934790241d37f58d5606424a20b641f04a61c6c8df2
[debug] [2020-06-08T06:34:08.675Z] [hosting][upload] feed.xml (e5f3e9815724bbdd9e03c934790241d37f58d5606424a20b641f04a61c6c8df2) HTTP ERROR 400 : {
  'x-guploader-uploadid': 'AAANsUmWVNmCUJsyg_Y8ZQOKvCuv_GrqY_z2KXVN-d5-JE2fa0EbK9Kek_N4UT1sQbm4Q3noz1W5QjPchBESYRac2PE',
  'content-length': '37',
  date: 'Mon, 08 Jun 2020 06:34:08 GMT',
  server: 'UploadServer',
  'content-type': 'text/html; charset=UTF-8',
  'alt-svc': 'h3-27=":443"; ma=2592000,h3-25=":443"; ma=2592000,h3-T050=":443"; ma=2592000,h3-Q050=":443"; ma=2592000,h3-Q049=":443"; ma=2592000,h3-Q048=":443"; ma=2592000,h3-Q046=":443"; ma=2592000,h3-Q043=":443"; ma=2592000,quic=":443"; ma=2592000; v="46,43"',
  connection: 'close'
} Couldn't process request (status=400)
[debug] [2020-06-08T06:34:09.478Z] [uploadQueue] Retrying task e5f3e9815724bbdd9e03c934790241d37f58d5606424a20b641f04a61c6c8df2
[debug] [2020-06-08T06:34:10.407Z] [hosting][upload] feed.xml (e5f3e9815724bbdd9e03c934790241d37f58d5606424a20b641f04a61c6c8df2) HTTP ERROR 400 : {
  'x-guploader-uploadid': 'AAANsUnT4_rfKQOb2jwjmCl-DfY6qAPOtsR2cDWSOFd0Gk17i67xA43ZQe9c9Bg2eHDSKQNtor3CClKYcQOyndJdYmk',
  'content-length': '37',
  date: 'Mon, 08 Jun 2020 06:34:10 GMT',
  server: 'UploadServer',
  'content-type': 'text/html; charset=UTF-8',
  'alt-svc': 'h3-27=":443"; ma=2592000,h3-25=":443"; ma=2592000,h3-T050=":443"; ma=2592000,h3-Q050=":443"; ma=2592000,h3-Q049=":443"; ma=2592000,h3-Q048=":443"; ma=2592000,h3-Q046=":443"; ma=2592000,h3-Q043=":443"; ma=2592000,quic=":443"; ma=2592000; v="46,43"',
  connection: 'close'
} Couldn't process request (status=400)
[debug] [2020-06-08T06:34:12.012Z] [uploadQueue] Retrying task e5f3e9815724bbdd9e03c934790241d37f58d5606424a20b641f04a61c6c8df2
[debug] [2020-06-08T06:34:12.872Z] [hosting][upload] feed.xml (e5f3e9815724bbdd9e03c934790241d37f58d5606424a20b641f04a61c6c8df2) HTTP ERROR 400 : {
  'x-guploader-uploadid': 'AAANsUmCZ4x0JdS1MsJCpa3V8TOhB2MBWPqZCXV0rLCEgO-2pC77XR53e4G_wGHoDDQ7viTysCv_BQSYipSI06I4hiY',
  'content-length': '37',
  date: 'Mon, 08 Jun 2020 06:34:12 GMT',
  server: 'UploadServer',
  'content-type': 'text/html; charset=UTF-8',
  'alt-svc': 'h3-27=":443"; ma=2592000,h3-25=":443"; ma=2592000,h3-T050=":443"; ma=2592000,h3-Q050=":443"; ma=2592000,h3-Q049=":443"; ma=2592000,h3-Q048=":443"; ma=2592000,h3-Q046=":443"; ma=2592000,h3-Q043=":443"; ma=2592000,quic=":443"; ma=2592000; v="46,43"',
  connection: 'close'
} Couldn't process request (status=400)
[debug] [2020-06-08T06:34:16.074Z] [uploadQueue] Retrying task e5f3e9815724bbdd9e03c934790241d37f58d5606424a20b641f04a61c6c8df2
[debug] [2020-06-08T06:34:17.252Z] [hosting][upload] feed.xml (e5f3e9815724bbdd9e03c934790241d37f58d5606424a20b641f04a61c6c8df2) HTTP ERROR 400 : {
  'x-guploader-uploadid': 'AAANsUmeMOj45YZDVw8FF9gdxcdkIrXekUziMJrjpFC_LsOGGiFCsxKEeJaTvRS1u7GE7DzUmW9i6_xRwfZ3WjEFBMA',
  'content-length': '37',
  date: 'Mon, 08 Jun 2020 06:34:17 GMT',
  server: 'UploadServer',
  'content-type': 'text/html; charset=UTF-8',
  'alt-svc': 'h3-27=":443"; ma=2592000,h3-25=":443"; ma=2592000,h3-T050=":443"; ma=2592000,h3-Q050=":443"; ma=2592000,h3-Q049=":443"; ma=2592000,h3-Q048=":443"; ma=2592000,h3-Q046=":443"; ma=2592000,h3-Q043=":443"; ma=2592000,quic=":443"; ma=2592000; v="46,43"',
  connection: 'close'
} Couldn't process request (status=400)
